# JRE version: Java(TM) SE Runtime Environment (7.0_55-b13) (build 1.7.0_55-b13)
# Java VM: Java HotSpot(TM) 64-Bit Server VM (24.55-b03 mixed mode linux-amd64 compressed oops)
Heap
 PSYoungGen      total 437760K, used 227328K [0x00000007d6700000, 0x00000007ff000000, 0x0000000800000000)
  eden space 227328K, 100% used [0x00000007d6700000,0x00000007e4500000,0x00000007e4500000)
  from space 210432K, 0% used [0x00000007f2280000,0x00000007f2280000,0x00000007ff000000)
  to   space 218624K, 0% used [0x00000007e4500000,0x00000007e4500000,0x00000007f1a80000)
 ParOldGen       total 1360896K, used 1360691K [0x0000000783600000, 0x00000007d6700000, 0x00000007d6700000)
  object space 1360896K, 99% used [0x0000000783600000,0x00000007d66ccde0,0x00000007d6700000)
 PSPermGen       total 40448K, used 40180K [0x000000077e400000, 0x0000000780b80000, 0x0000000783600000)
  object space 40448K, 99% used [0x000000077e400000,0x0000000780b3d3b8,0x0000000780b80000)
GC Heap History (10 events):
Event: 6659.240 GC heap after
Heap after GC invocations=284 (full 90):
 PSYoungGen      total 437760K, used 227328K [0x00000007d6700000, 0x00000007ff000000, 0x0000000800000000)
  eden space 227328K, 100% used [0x00000007d6700000,0x00000007e4500000,0x00000007e4500000)
  from space 210432K, 0% used [0x00000007f2280000,0x00000007f2280000,0x00000007ff000000)
  to   space 218624K, 0% used [0x00000007e4500000,0x00000007e4500000,0x00000007f1a80000)
 ParOldGen       total 1360896K, used 1360682K [0x0000000783600000, 0x00000007d6700000, 0x00000007d6700000)
  object space 1360896K, 99% used [0x0000000783600000,0x00000007d66ca8c8,0x00000007d6700000)
 PSPermGen       total 40448K, used 40180K [0x000000077e400000, 0x0000000780b80000, 0x0000000783600000)
  object space 40448K, 99% used [0x000000077e400000,0x0000000780b3d3b8,0x0000000780b80000)
}
Event: 6659.241 GC heap before
{Heap before GC invocations=285 (full 91):
 PSYoungGen      total 437760K, used 227328K [0x00000007d6700000, 0x00000007ff000000, 0x0000000800000000)
  eden space 227328K, 100% used [0x00000007d6700000,0x00000007e4500000,0x00000007e4500000)
  from space 210432K, 0% used [0x00000007f2280000,0x00000007f2280000,0x00000007ff000000)
  to   space 218624K, 0% used [0x00000007e4500000,0x00000007e4500000,0x00000007f1a80000)
 ParOldGen       total 1360896K, used 1360684K [0x0000000783600000, 0x00000007d6700000, 0x00000007d6700000)
  object space 1360896K, 99% used [0x0000000783600000,0x00000007d66cb248,0x00000007d6700000)
 PSPermGen       total 40448K, used 40180K [0x000000077e400000, 0x0000000780b80000, 0x0000000783600000)
  object space 40448K, 99% used [0x000000077e400000,0x0000000780b3d3b8,0x0000000780b80000)
Event: 6665.291 GC heap after
Heap after GC invocations=285 (full 91):
 PSYoungGen      total 437760K, used 227328K [0x00000007d6700000, 0x00000007ff000000, 0x0000000800000000)
  eden space 227328K, 100% used [0x00000007d6700000,0x00000007e4500000,0x00000007e4500000)
  from space 210432K, 0% used [0x00000007f2280000,0x00000007f2280000,0x00000007ff000000)
  to   space 218624K, 0% used [0x00000007e4500000,0x00000007e4500000,0x00000007f1a80000)
 ParOldGen       total 1360896K, used 1360681K [0x0000000783600000, 0x00000007d6700000, 0x00000007d6700000)
  object space 1360896K, 99% used [0x0000000783600000,0x00000007d66ca7b0,0x00000007d6700000)
 PSPermGen       total 40448K, used 40180K [0x000000077e400000, 0x0000000780b80000, 0x0000000783600000)
  object space 40448K, 99% used [0x000000077e400000,0x0000000780b3d3b8,0x0000000780b80000)
}
Event: 6665.291 GC heap before
{Heap before GC invocations=286 (full 92):
 PSYoungGen      total 437760K, used 227328K [0x00000007d6700000, 0x00000007ff000000, 0x0000000800000000)
  eden space 227328K, 100% used [0x00000007d6700000,0x00000007e4500000,0x00000007e4500000)
  from space 210432K, 0% used [0x00000007f2280000,0x00000007f2280000,0x00000007ff000000)
  to   space 218624K, 0% used [0x00000007e4500000,0x00000007e4500000,0x00000007f1a80000)
 ParOldGen       total 1360896K, used 1360685K [0x0000000783600000, 0x00000007d6700000, 0x00000007d6700000)
  object space 1360896K, 99% used [0x0000000783600000,0x00000007d66cb478,0x00000007d6700000)
 PSPermGen       total 40448K, used 40180K [0x000000077e400000, 0x0000000780b80000, 0x0000000783600000)
  object space 40448K, 99% used [0x000000077e400000,0x0000000780b3d3b8,0x0000000780b80000)
Event: 6670.776 GC heap after
Heap after GC invocations=286 (full 92):
 PSYoungGen      total 437760K, used 227328K [0x00000007d6700000, 0x00000007ff000000, 0x0000000800000000)
  eden space 227328K, 100% used [0x00000007d6700000,0x00000007e4500000,0x00000007e4500000)
  from space 210432K, 0% used [0x00000007f2280000,0x00000007f2280000,0x00000007ff000000)
  to   space 218624K, 0% used [0x00000007e4500000,0x00000007e4500000,0x00000007f1a80000)
 ParOldGen       total 1360896K, used 1360684K [0x0000000783600000, 0x00000007d6700000, 0x00000007d6700000)
  object space 1360896K, 99% used [0x0000000783600000,0x00000007d66cb220,0x00000007d6700000)
 PSPermGen       total 40448K, used 40180K [0x000000077e400000, 0x0000000780b80000, 0x0000000783600000)
  object space 40448K, 99% used [0x000000077e400000,0x0000000780b3d3b8,0x0000000780b80000)
}
Event: 6670.776 GC heap before
{Heap before GC invocations=287 (full 93):
 PSYoungGen      total 437760K, used 227328K [0x00000007d6700000, 0x00000007ff000000, 0x0000000800000000)
  eden space 227328K, 100% used [0x00000007d6700000,0x00000007e4500000,0x00000007e4500000)
  from space 210432K, 0% used [0x00000007f2280000,0x00000007f2280000,0x00000007ff000000)
  to   space 218624K, 0% used [0x00000007e4500000,0x00000007e4500000,0x00000007f1a80000)
 ParOldGen       total 1360896K, used 1360686K [0x0000000783600000, 0x00000007d6700000, 0x00000007d6700000)
  object space 1360896K, 99% used [0x0000000783600000,0x00000007d66cbbd0,0x00000007d6700000)
 PSPermGen       total 40448K, used 40180K [0x000000077e400000, 0x0000000780b80000, 0x0000000783600000)
  object space 40448K, 99% used [0x000000077e400000,0x0000000780b3d3b8,0x0000000780b80000)
Event: 6676.315 GC heap after
Heap after GC invocations=287 (full 93):
 PSYoungGen      total 437760K, used 227328K [0x00000007d6700000, 0x00000007ff000000, 0x0000000800000000)
  eden space 227328K, 100% used [0x00000007d6700000,0x00000007e4500000,0x00000007e4500000)
  from space 210432K, 0% used [0x00000007f2280000,0x00000007f2280000,0x00000007ff000000)
  to   space 218624K, 0% used [0x00000007e4500000,0x00000007e4500000,0x00000007f1a80000)
 ParOldGen       total 1360896K, used 1360686K [0x0000000783600000, 0x00000007d6700000, 0x00000007d6700000)
  object space 1360896K, 99% used [0x0000000783600000,0x00000007d66cb9e0,0x00000007d6700000)
 PSPermGen       total 40448K, used 40180K [0x000000077e400000, 0x0000000780b80000, 0x0000000783600000)
  object space 40448K, 99% used [0x000000077e400000,0x0000000780b3d3b8,0x0000000780b80000)
}
Event: 6676.316 GC heap before
{Heap before GC invocations=288 (full 94):
 PSYoungGen      total 437760K, used 227328K [0x00000007d6700000, 0x00000007ff000000, 0x0000000800000000)
  eden space 227328K, 100% used [0x00000007d6700000,0x00000007e4500000,0x00000007e4500000)
  from space 210432K, 0% used [0x00000007f2280000,0x00000007f2280000,0x00000007ff000000)
  to   space 218624K, 0% used [0x00000007e4500000,0x00000007e4500000,0x00000007f1a80000)
 ParOldGen       total 1360896K, used 1360689K [0x0000000783600000, 0x00000007d6700000, 0x00000007d6700000)
  object space 1360896K, 99% used [0x0000000783600000,0x00000007d66cc730,0x00000007d6700000)
 PSPermGen       total 40448K, used 40180K [0x000000077e400000, 0x0000000780b80000, 0x0000000783600000)
  object space 40448K, 99% used [0x000000077e400000,0x0000000780b3d3b8,0x0000000780b80000)
Event: 6681.986 GC heap after
Heap after GC invocations=288 (full 94):
 PSYoungGen      total 437760K, used 227328K [0x00000007d6700000, 0x00000007ff000000, 0x0000000800000000)
  eden space 227328K, 100% used [0x00000007d6700000,0x00000007e4500000,0x00000007e4500000)
  from space 210432K, 0% used [0x00000007f2280000,0x00000007f2280000,0x00000007ff000000)
  to   space 218624K, 0% used [0x00000007e4500000,0x00000007e4500000,0x00000007f1a80000)
 ParOldGen       total 1360896K, used 1360688K [0x0000000783600000, 0x00000007d6700000, 0x00000007d6700000)
  object space 1360896K, 99% used [0x0000000783600000,0x00000007d66cc3e0,0x00000007d6700000)
 PSPermGen       total 40448K, used 40180K [0x000000077e400000, 0x0000000780b80000, 0x0000000783600000)
  object space 40448K, 99% used [0x000000077e400000,0x0000000780b3d3b8,0x0000000780b80000)
}
Event: 6681.987 GC heap before
{Heap before GC invocations=289 (full 95):
 PSYoungGen      total 437760K, used 227328K [0x00000007d6700000, 0x00000007ff000000, 0x0000000800000000)
  eden space 227328K, 100% used [0x00000007d6700000,0x00000007e4500000,0x00000007e4500000)
  from space 210432K, 0% used [0x00000007f2280000,0x00000007f2280000,0x00000007ff000000)
  to   space 218624K, 0% used [0x00000007e4500000,0x00000007e4500000,0x00000007f1a80000)
 ParOldGen       total 1360896K, used 1360691K [0x0000000783600000, 0x00000007d6700000, 0x00000007d6700000)
  object space 1360896K, 99% used [0x0000000783600000,0x00000007d66ccde0,0x00000007d6700000)
 PSPermGen       total 40448K, used 40180K [0x000000077e400000, 0x0000000780b80000, 0x0000000783600000)
  object space 40448K, 99% used [0x000000077e400000,0x0000000780b3d3b8,0x0000000780b80000)

